* installing *source* package ‘ndx’ ...
** using staged installation
** R
** byte-compile and prepare package for lazy loading
Warning: replacing previous import ‘neuroim2::reorient’ by ‘oro.nifti::reorient’ when loading ‘ndx’
Warning: replacing previous import ‘neuroim2::slice’ by ‘oro.nifti::slice’ when loading ‘ndx’
Warning: replacing previous import ‘neuroim2::origin’ by ‘oro.nifti::origin’ when loading ‘ndx’
Warning: replacing previous import ‘fmrireg::convolve’ by ‘stats::convolve’ when loading ‘ndx’
Warning: replacing previous import ‘rsvd::rpca’ by ‘rpca::rpca’ when loading ‘ndx’
** help
*** installing help indices
** building package indices
** testing if installed package can be loaded from temporary location
Warning: replacing previous import ‘neuroim2::reorient’ by ‘oro.nifti::reorient’ when loading ‘ndx’
Warning: replacing previous import ‘neuroim2::slice’ by ‘oro.nifti::slice’ when loading ‘ndx’
Warning: replacing previous import ‘neuroim2::origin’ by ‘oro.nifti::origin’ when loading ‘ndx’
Warning: replacing previous import ‘fmrireg::convolve’ by ‘stats::convolve’ when loading ‘ndx’
Warning: replacing previous import ‘rsvd::rpca’ by ‘rpca::rpca’ when loading ‘ndx’
** testing if installed package can be loaded from final location
Warning: replacing previous import ‘neuroim2::reorient’ by ‘oro.nifti::reorient’ when loading ‘ndx’
Warning: replacing previous import ‘neuroim2::slice’ by ‘oro.nifti::slice’ when loading ‘ndx’
Warning: replacing previous import ‘neuroim2::origin’ by ‘oro.nifti::origin’ when loading ‘ndx’
Warning: replacing previous import ‘fmrireg::convolve’ by ‘stats::convolve’ when loading ‘ndx’
Warning: replacing previous import ‘rsvd::rpca’ by ‘rpca::rpca’ when loading ‘ndx’
** testing if installed package keeps a record of temporary installation path
* DONE (ndx)
